Transaction synchronization deregistering SqlSession [org.apache.ibatis.session.defaults.DefaultSqlSession@658b23e4]
Transaction synchronization closing SqlSession [org.apache.ibatis.session.defaults.DefaultSqlSession@658b23e4]
2024-03-08 10:02:31.241 |-ERROR [task-66252] org.springframework.aop.interceptor.SimpleAsyncUncaughtExceptionHandler [39] -| Unexpected exception occurred invoking async method: public void com.cosmoplat.hyida.log.application.service.impl.EncryptLogServiceImpl.insertLog(java.lang.String,java.lang.String,com.cosmoplat.hyida.crypto.application.model.dto.CryptoDto,com.cosmoplat.hyida.core.result.Result,com.cosmoplat.hyida.user.application.model.vo.OrgInfoVo,com.cosmoplat.hyida.keymanager.application.model.vo.EncryptKeyVo)
org.springframework.dao.DuplicateKeyException: 
### Error updating database.  Cause: com.mysql.jdbc.exceptions.jdbc4.MySQLIntegrityConstraintViolationException: Duplicate entry '1765922713866486725' for key 'PRIMARY'
### The error may exist in com/cosmoplat/hyida/log/repo/mapper/IEncryptLogMapper.java (best guess)
### The error may involve com.cosmoplat.hyida.log.repo.mapper.IEncryptLogMapper.insert-Inline
### The error occurred while setting parameters
### SQL: INSERT INTO encrypt_log  ( id, method_type,  res_status, alg_type, alg_mode, alg_padding, alg_vi, alg_name, alg_id, dept_code, dept_name, access_key, secret_key, content, res_content,  ledger_name, ledger_id, sign, secret_name )  VALUES  ( ?, ?,  ?, ?, ?, ?, ?, ?, ?, ?, ?, ?, ?, ?, ?,  ?, ?, ?, ? )
### Cause: com.mysql.jdbc.exceptions.jdbc4.MySQLIntegrityConstraintViolationException: Duplicate entry '1765922713866486725' for key 'PRIMARY'
; Duplicate entry '1765922713866486725' for key 'PRIMARY'; nested exception is com.mysql.jdbc.exceptions.jdbc4.MySQLIntegrityConstraintViolationException: Duplicate entry '1765922713866486725' for key 'PRIMARY'
        at org.springframework.jdbc.support.SQLErrorCodeSQLExceptionTranslator.doTranslate(SQLErrorCodeSQLExceptionTranslator.java:247)
        at org.springframework.jdbc.support.AbstractFallbackSQLExceptionTranslator.translate(AbstractFallbackSQLExceptionTranslator.java:72)
        at org.mybatis.spring.MyBatisExceptionTranslator.translateExceptionIfPossible(MyBatisExceptionTranslator.java:91)
        at org.mybatis.spring.SqlSessionTemplate$SqlSessionInterceptor.invoke(SqlSessionTemplate.java:441)
        at com.sun.proxy.$Proxy120.insert(Unknown Source)
        at org.mybatis.spring.SqlSessionTemplate.insert(SqlSessionTemplate.java:272)
        at com.baomidou.mybatisplus.core.override.MybatisMapperMethod.execute(MybatisMapperMethod.java:60)
        at com.baomidou.mybatisplus.core.override.MybatisMapperProxy$PlainMethodInvoker.invoke(MybatisMapperProxy.java:148)
        at com.baomidou.mybatisplus.core.override.MybatisMapperProxy.invoke(MybatisMapperProxy.java:89)
        at com.sun.proxy.$Proxy155.insert(Unknown Source)
        at com.cosmoplat.hyida.log.repo.repository.impl.EncryptLogRepositoryImpl.create(EncryptLogRepositoryImpl.java:74)
        at com.cosmoplat.hyida.log.repo.repository.impl.EncryptLogRepositoryImpl.create(EncryptLogRepositoryImpl.java:26)
        at com.cosmoplat.hyida.log.repo.repository.impl.EncryptLogRepositoryImpl$$FastClassBySpringCGLIB$$87b25ca9.invoke(<generated>)
        at org.springframework.cglib.proxy.MethodProxy.invoke(MethodProxy.java:218)
        at org.springframework.aop.framework.CglibAopProxy$CglibMethodInvocation.invokeJoinpoint(CglibAopProxy.java:779)
        at org.springframework.aop.framework.ReflectiveMethodInvocation.proceed(ReflectiveMethodInvocation.java:163)
        at org.springframework.aop.framework.CglibAopProxy$CglibMethodInvocation.proceed(CglibAopProxy.java:750)
        at org.springframework.dao.support.PersistenceExceptionTranslationInterceptor.invoke(PersistenceExceptionTranslationInterceptor.java:139)
        at org.springframework.aop.framework.ReflectiveMethodInvocation.proceed(ReflectiveMethodInvocation.java:186)
        at org.springframework.aop.framework.CglibAopProxy$CglibMethodInvocation.proceed(CglibAopProxy.java:750)
        at org.springframework.transaction.interceptor.TransactionAspectSupport.invokeWithinTransaction(TransactionAspectSupport.java:367)
        at org.springframework.transaction.interceptor.TransactionInterceptor.invoke(TransactionInterceptor.java:118)
        at org.springframework.aop.framework.ReflectiveMethodInvocation.proceed(ReflectiveMethodInvocation.java:186)
        at org.springframework.aop.framework.CglibAopProxy$CglibMethodInvocation.proceed(CglibAopProxy.java:750)
        at org.springframework.aop.framework.CglibAopProxy$DynamicAdvisedInterceptor.intercept(CglibAopProxy.java:692)
        at com.cosmoplat.hyida.log.repo.repository.impl.EncryptLogRepositoryImpl$$EnhancerBySpringCGLIB$$9fe4cee6.create(<generated>)
        at com.cosmoplat.hyida.log.application.service.impl.EncryptLogServiceImpl.insertLog(EncryptLogServiceImpl.java:88)
        at com.cosmoplat.hyida.log.application.service.impl.EncryptLogServiceImpl$$FastClassBySpringCGLIB$$df704045.invoke(<generated>)
        at org.springframework.cglib.proxy.MethodProxy.invoke(MethodProxy.java:218)
        at org.springframework.aop.framework.CglibAopProxy$CglibMethodInvocation.invokeJoinpoint(CglibAopProxy.java:779)
        at org.springframework.aop.framework.ReflectiveMethodInvocation.proceed(ReflectiveMethodInvocation.java:163)
        at org.springframework.aop.framework.CglibAopProxy$CglibMethodInvocation.proceed(CglibAopProxy.java:750)
        at org.springframework.transaction.interceptor.TransactionAspectSupport.invokeWithinTransaction(TransactionAspectSupport.java:367)
        at org.springframework.transaction.interceptor.TransactionInterceptor.invoke(TransactionInterceptor.java:118)
        at org.springframework.aop.framework.ReflectiveMethodInvocation.proceed(ReflectiveMethodInvocation.java:186)
        at org.springframework.aop.framework.CglibAopProxy$CglibMethodInvocation.proceed(CglibAopProxy.java:750)
        at org.springframework.aop.interceptor.AsyncExecutionInterceptor.lambda$invoke$0(AsyncExecutionInterceptor.java:115)
        at java.util.concurrent.FutureTask.run(FutureTask.java:266)
        at java.util.concurrent.ThreadPoolExecutor.runWorker(ThreadPoolExecutor.java:1149)
        at java.util.concurrent.ThreadPoolExecutor$Worker.run(ThreadPoolExecutor.java:624)
        at java.lang.Thread.run(Thread.java:748)
Caused by: com.mysql.jdbc.exceptions.jdbc4.MySQLIntegrityConstraintViolationException: Duplicate entry '1765922713866486725' for key 'PRIMARY'
        at sun.reflect.GeneratedConstructorAccessor166.newInstance(Unknown Source)
        at sun.reflect.DelegatingConstructorAccessorImpl.newInstance(DelegatingConstructorAccessorImpl.java:45)
        at java.lang.reflect.Constructor.newInstance(Constructor.java:423)
        at com.mysql.jdbc.Util.handleNewInstance(Util.java:403)
        at com.mysql.jdbc.Util.getInstance(Util.java:386)
        at com.mysql.jdbc.SQLError.createSQLException(SQLError.java:936)
        at com.mysql.jdbc.MysqlIO.checkErrorPacket(MysqlIO.java:3933)
        at com.mysql.jdbc.MysqlIO.checkErrorPacket(MysqlIO.java:3869)
        at com.mysql.jdbc.MysqlIO.sendCommand(MysqlIO.java:2524)
        at com.mysql.jdbc.MysqlIO.sqlQueryDirect(MysqlIO.java:2675)
        at com.mysql.jdbc.ConnectionImpl.execSQL(ConnectionImpl.java:2465)
        at com.mysql.jdbc.PreparedStatement.executeInternal(PreparedStatement.java:1915)
        at com.mysql.jdbc.PreparedStatement.execute(PreparedStatement.java:1254)
        at com.zaxxer.hikari.pool.ProxyPreparedStatement.execute(ProxyPreparedStatement.java:44)
        at com.zaxxer.hikari.pool.HikariProxyPreparedStatement.execute(HikariProxyPreparedStatement.java)
        at sun.reflect.GeneratedMethodAccessor246.invoke(Unknown Source)
        at sun.reflect.DelegatingMethodAccessorImpl.invoke(DelegatingMethodAccessorImpl.java:43)
        at java.lang.reflect.Method.invoke(Method.java:498)
        at org.apache.ibatis.logging.jdbc.PreparedStatementLogger.invoke(PreparedStatementLogger.java:59)
        at com.sun.proxy.$Proxy225.execute(Unknown Source)
        at org.apache.ibatis.executor.statement.PreparedStatementHandler.update(PreparedStatementHandler.java:47)
        at org.apache.ibatis.executor.statement.RoutingStatementHandler.update(RoutingStatementHandler.java:74)
        at sun.reflect.GeneratedMethodAccessor245.invoke(Unknown Source)
        at sun.reflect.DelegatingMethodAccessorImpl.invoke(DelegatingMethodAccessorImpl.java:43)
        at java.lang.reflect.Method.invoke(Method.java:498)
        at org.apache.ibatis.plugin.Plugin.invoke(Plugin.java:63)
        at com.sun.proxy.$Proxy224.update(Unknown Source)
        at com.baomidou.mybatisplus.core.executor.MybatisSimpleExecutor.doUpdate(MybatisSimpleExecutor.java:56)
        at org.apache.ibatis.executor.BaseExecutor.update(BaseExecutor.java:117)
        at com.baomidou.mybatisplus.core.executor.MybatisCachingExecutor.update(MybatisCachingExecutor.java:85)
        at sun.reflect.GeneratedMethodAccessor240.invoke(Unknown Source)
        at sun.reflect.DelegatingMethodAccessorImpl.invoke(DelegatingMethodAccessorImpl.java:43)
        at java.lang.reflect.Method.invoke(Method.java:498)
        at org.apache.ibatis.plugin.Invocation.proceed(Invocation.java:49)
        at com.baomidou.mybatisplus.extension.plugins.MybatisPlusInterceptor.intercept(MybatisPlusInterceptor.java:106)
        at org.apache.ibatis.plugin.Plugin.invoke(Plugin.java:61)
        at com.sun.proxy.$Proxy223.update(Unknown Source)
        at org.apache.ibatis.session.defaults.DefaultSqlSession.update(DefaultSqlSession.java:197)
        at org.apache.ibatis.session.defaults.DefaultSqlSession.insert(DefaultSqlSession.java:184)
        at sun.reflect.GeneratedMethodAccessor239.invoke(Unknown Source)
        at sun.reflect.DelegatingMethodAccessorImpl.invoke(DelegatingMethodAccessorImpl.java:43)
        at java.lang.reflect.Method.invoke(Method.java:498)
        at org.mybatis.spring.SqlSessionTemplate$SqlSessionInterceptor.invoke(SqlSessionTemplate.java:427)
        ... 37 common frames omitted
2024-03-08 10:02:31.342 |-INFO  [http-nio-8088-exec-9] com.cosmoplat.hyida.filter.AuthFilter [66] -| authFilter-->/data-encrypt/api/v1/crypt
2024-03-08 10:02:31.343 |-INFO  [http-nio-8088-exec-9] com.cosmoplat.hyida.filter.AuthFilter [69] -| authFilter--->白名单请求/data-encrypt/api/v1/crypt,----host：10.206.65.162
---
2024-03-08 10:20:51.244 [] [MQTT Call: MQTT_CLIENT_PROD_shutdownRecord2] INFO  com.cosmo.hmzy.service.MqttServiceImpl - MQTT - topic[/haier/plcnet/device/state/u]数据处理完毕
2024-03-08 10:20:51.244 [] [MQTT Call: MQTT_CLIENT_PROD_shutdownRecord2] INFO  com.cosmo.hmzy.mqtt.MqttShutdownRecordConfiguration - MQTT接收数据, UUID[ad2d297070394c4aa0de20ff4a5000d4_inbound2ToKafka_], Topic[/haier/plcnet/device/state/u], json -> {AxisPosition(X)=0, AxisPosition(Y)=0, AxisPosition(Z)=0, STD::Status=4, STD::MacNo=A3S-EW-AQ750-02, STD::Time=2024/3/8 10:20:23, deviceName=A3S-EW-AQ750-02, STD::IP=10.130.33.63, ts=1709864423284}
2024-03-08 10:20:51.251 [] [MQTT Call: MQTT_CLIENT_PROD_shutdownRecord2] ERROR com.cosmo.hmzy.mqtt.factory.impl.StandardDataMqttHandler - 更新t_shudown_record_day失败
org.springframework.dao.DataIntegrityViolationException: 
### Error updating database.  Cause: com.mysql.cj.jdbc.exceptions.MysqlDataTruncation: Data truncation: Out of range value for column 'shutdown_time' at row 1
### The error may exist in com/cosmo/hmzy/dao/TShutdownRecordDayMapper.java (best guess)
### The error may involve com.cosmo.hmzy.dao.TShutdownRecordDayMapper.insert-Inline
### The error occurred while setting parameters
### SQL: INSERT INTO t_shutdown_record_day  ( equipment_no, shutdown_start_time,  shutdown_time, budget_clamping_time, shutdown_exception_time, shutdown_status, closeloop_status,                             data_node, delete_flag, create_time,  update_time,  operator_flag, foreman_flag, process_head_flag, manufacture_head_flag, chain_group_leader_flag, t_shutdown_record_id, last_record_id )  VALUES  ( ?, ?,  ?, ?, ?, ?, ?,                             ?, ?, ?,  ?,  ?, ?, ?, ?, ?, ?, ? )
### Cause: com.mysql.cj.jdbc.exceptions.MysqlDataTruncation: Data truncation: Out of range value for column 'shutdown_time' at row 1
; Data truncation: Out of range value for column 'shutdown_time' at row 1; nested exception is com.mysql.cj.jdbc.exceptions.MysqlDataTruncation: Data truncation: Out of range value for column 'shutdown_time' at row 1
        at org.springframework.jdbc.support.SQLStateSQLExceptionTranslator.doTranslate(SQLStateSQLExceptionTranslator.java:104) ~[spring-jdbc-5.2.15.RELEASE.jar!/:5.2.15.RELEASE]
        at org.springframework.jdbc.support.AbstractFallbackSQLExceptionTranslator.translate(AbstractFallbackSQLExceptionTranslator.java:72) ~[spring-jdbc-5.2.15.RELEASE.jar!/:5.2.15.RELEASE]
        at org.springframework.jdbc.support.AbstractFallbackSQLExceptionTranslator.translate(AbstractFallbackSQLExceptionTranslator.java:81) ~[spring-jdbc-5.2.15.RELEASE.jar!/:5.2.15.RELEASE]
        at org.springframework.jdbc.support.AbstractFallbackSQLExceptionTranslator.translate(AbstractFallbackSQLExceptionTranslator.java:81) ~[spring-jdbc-5.2.15.RELEASE.jar!/:5.2.15.RELEASE]
        at org.mybatis.spring.MyBatisExceptionTranslator.translateExceptionIfPossible(MyBatisExceptionTranslator.java:73) ~[mybatis-spring-2.0.1.jar!/:2.0.1]
        at org.mybatis.spring.SqlSessionTemplate$SqlSessionInterceptor.invoke(SqlSessionTemplate.java:446) ~[mybatis-spring-2.0.1.jar!/:2.0.1]
        at com.sun.proxy.$Proxy113.insert(Unknown Source) ~[?:?]
        at org.mybatis.spring.SqlSessionTemplate.insert(SqlSessionTemplate.java:278) ~[mybatis-spring-2.0.1.jar!/:2.0.1]
        at com.baomidou.mybatisplus.core.override.MybatisMapperMethod.execute(MybatisMapperMethod.java:58) ~[mybatis-plus-core-3.1.2.jar!/:3.1.2]
        at com.baomidou.mybatisplus.core.override.MybatisMapperProxy.invoke(MybatisMapperProxy.java:62) ~[mybatis-plus-core-3.1.2.jar!/:3.1.2]
        at com.sun.proxy.$Proxy149.insert(Unknown Source) ~[?:?]
        at com.cosmo.hmzy.mqtt.factory.impl.StandardDataMqttHandler.insertRecordDayWithStatusShutdown(StandardDataMqttHandler.java:296) ~[classes!/:1.0-SNAPSHOT]
        at com.cosmo.hmzy.mqtt.factory.impl.StandardDataMqttHandler.handle(StandardDataMqttHandler.java:148) ~[classes!/:1.0-SNAPSHOT]
        at com.cosmo.hmzy.service.MqttServiceImpl.handle(MqttServiceImpl.java:22) ~[classes!/:1.0-SNAPSHOT]
        at com.cosmo.hmzy.mqtt.MqttShutdownRecordConfiguration.lambda$shutdownRecordHandler$37(MqttShutdownRecordConfiguration.java:86) ~[classes!/:1.0-SNAPSHOT]
        at org.springframework.integration.handler.ReplyProducingMessageHandlerWrapper.handleRequestMessage(ReplyProducingMessageHandlerWrapper.java:58) [spring-integration-core-5.3.8.RELEASE.jar!/:5.3.8.RELEASE]
        at org.springframework.integration.handler.AbstractReplyProducingMessageHandler.handleMessageInternal(AbstractReplyProducingMessageHandler.java:134) [spring-integration-core-5.3.8.RELEASE.jar!/:5.3.8.RELEASE]
        at org.springframework.integration.handler.AbstractMessageHandler.handleMessage(AbstractMessageHandler.java:62) [spring-integration-core-5.3.8.RELEASE.jar!/:5.3.8.RELEASE]
        at org.springframework.integration.dispatcher.AbstractDispatcher.tryOptimizedDispatch(AbstractDispatcher.java:115) [spring-integration-core-5.3.8.RELEASE.jar!/:5.3.8.RELEASE]
        at org.springframework.integration.dispatcher.UnicastingDispatcher.doDispatch(UnicastingDispatcher.java:133) [spring-integration-core-5.3.8.RELEASE.jar!/:5.3.8.RELEASE]
        at org.springframework.integration.dispatcher.UnicastingDispatcher.dispatch(UnicastingDispatcher.java:106) [spring-integration-core-5.3.8.RELEASE.jar!/:5.3.8.RELEASE]
        at org.springframework.integration.channel.AbstractSubscribableChannel.doSend(AbstractSubscribableChannel.java:72) [spring-integration-core-5.3.8.RELEASE.jar!/:5.3.8.RELEASE]
        at org.springframework.integration.channel.AbstractMessageChannel.send(AbstractMessageChannel.java:570) [spring-integration-core-5.3.8.RELEASE.jar!/:5.3.8.RELEASE]
        at org.springframework.integration.channel.AbstractMessageChannel.send(AbstractMessageChannel.java:520) [spring-integration-core-5.3.8.RELEASE.jar!/:5.3.8.RELEASE]
        at org.springframework.messaging.core.GenericMessagingTemplate.doSend(GenericMessagingTemplate.java:187) [spring-messaging-5.2.15.RELEASE.jar!/:5.2.15.RELEASE]
        at org.springframework.messaging.core.GenericMessagingTemplate.doSend(GenericMessagingTemplate.java:166) [spring-messaging-5.2.15.RELEASE.jar!/:5.2.15.RELEASE]
        at org.springframework.messaging.core.GenericMessagingTemplate.doSend(GenericMessagingTemplate.java:47) [spring-messaging-5.2.15.RELEASE.jar!/:5.2.15.RELEASE]
        at org.springframework.messaging.core.AbstractMessageSendingTemplate.send(AbstractMessageSendingTemplate.java:109) [spring-messaging-5.2.15.RELEASE.jar!/:5.2.15.RELEASE]
        at org.springframework.integration.endpoint.MessageProducerSupport.sendMessage(MessageProducerSupport.java:208) [spring-integration-core-5.3.8.RELEASE.jar!/:5.3.8.RELEASE]
        at org.springframework.integration.mqtt.inbound.MqttPahoMessageDrivenChannelAdapter.messageArrived(MqttPahoMessageDrivenChannelAdapter.java:391) [spring-integration-mqtt-5.3.8.RELEASE.jar!/:5.3.8.RELEASE]
        at org.eclipse.paho.client.mqttv3.internal.CommsCallback.deliverMessage(CommsCallback.java:519) [org.eclipse.paho.client.mqttv3-1.2.4.jar!/:?]
        at org.eclipse.paho.client.mqttv3.internal.CommsCallback.handleMessage(CommsCallback.java:417) [org.eclipse.paho.client.mqttv3-1.2.4.jar!/:?]
        at org.eclipse.paho.client.mqttv3.internal.CommsCallback.run(CommsCallback.java:214) [org.eclipse.paho.client.mqttv3-1.2.4.jar!/:?]
        at java.lang.Thread.run(Thread.java:750) [?:1.8.0_362]
Caused by: com.mysql.cj.jdbc.exceptions.MysqlDataTruncation: Data truncation: Out of range value for column 'shutdown_time' at row 1
        at com.mysql.cj.jdbc.exceptions.SQLExceptionsMapping.translateException(SQLExceptionsMapping.java:104) ~[mysql-connector-java-8.0.11.jar!/:8.0.11]
        at com.mysql.cj.jdbc.ClientPreparedStatement.executeInternal(ClientPreparedStatement.java:960) ~[mysql-connector-java-8.0.11.jar!/:8.0.11]
        at com.mysql.cj.jdbc.ClientPreparedStatement.execute(ClientPreparedStatement.java:388) ~[mysql-connector-java-8.0.11.jar!/:8.0.11]
        at com.alibaba.druid.pool.DruidPooledPreparedStatement.execute(DruidPooledPreparedStatement.java:483) ~[druid-1.2.18.jar!/:?]
        at sun.reflect.GeneratedMethodAccessor147.invoke(Unknown Source) ~[?:?]
        at sun.reflect.DelegatingMethodAccessorImpl.invoke(DelegatingMethodAccessorImpl.java:43) ~[?:1.8.0_362]
        at java.lang.reflect.Method.invoke(Method.java:498) ~[?:1.8.0_362]
        at org.apache.ibatis.logging.jdbc.PreparedStatementLogger.invoke(PreparedStatementLogger.java:59) ~[mybatis-3.5.1.jar!/:3.5.1]
        at com.sun.proxy.$Proxy219.execute(Unknown Source) ~[?:?]
        at org.apache.ibatis.executor.statement.PreparedStatementHandler.update(PreparedStatementHandler.java:47) ~[mybatis-3.5.1.jar!/:3.5.1]
        at org.apache.ibatis.executor.statement.RoutingStatementHandler.update(RoutingStatementHandler.java:74) ~[mybatis-3.5.1.jar!/:3.5.1]
        at sun.reflect.GeneratedMethodAccessor221.invoke(Unknown Source) ~[?:?]
        at sun.reflect.DelegatingMethodAccessorImpl.invoke(DelegatingMethodAccessorImpl.java:43) ~[?:1.8.0_362]
        at java.lang.reflect.Method.invoke(Method.java:498) ~[?:1.8.0_362]
        at org.apache.ibatis.plugin.Plugin.invoke(Plugin.java:63) ~[mybatis-3.5.1.jar!/:3.5.1]
        at com.sun.proxy.$Proxy217.update(Unknown Source) ~[?:?]
        at com.baomidou.mybatisplus.core.executor.MybatisSimpleExecutor.doUpdate(MybatisSimpleExecutor.java:54) ~[mybatis-plus-core-3.1.2.jar!/:3.1.2]
        at org.apache.ibatis.executor.BaseExecutor.update(BaseExecutor.java:117) ~[mybatis-3.5.1.jar!/:3.5.1]
        at sun.reflect.GeneratedMethodAccessor220.invoke(Unknown Source) ~[?:?]
        at sun.reflect.DelegatingMethodAccessorImpl.invoke(DelegatingMethodAccessorImpl.java:43) ~[?:1.8.0_362]
        at java.lang.reflect.Method.invoke(Method.java:498) ~[?:1.8.0_362]
        at org.apache.ibatis.plugin.Plugin.invoke(Plugin.java:63) ~[mybatis-3.5.1.jar!/:3.5.1]
        at com.sun.proxy.$Proxy216.update(Unknown Source) ~[?:?]
        at org.apache.ibatis.session.defaults.DefaultSqlSession.update(DefaultSqlSession.java:197) ~[mybatis-3.5.1.jar!/:3.5.1]
        at org.apache.ibatis.session.defaults.DefaultSqlSession.insert(DefaultSqlSession.java:184) ~[mybatis-3.5.1.jar!/:3.5.1]
        at sun.reflect.GeneratedMethodAccessor1646.invoke(Unknown Source) ~[?:?]
        at sun.reflect.DelegatingMethodAccessorImpl.invoke(DelegatingMethodAccessorImpl.java:43) ~[?:1.8.0_362]
        at java.lang.reflect.Method.invoke(Method.java:498) ~[?:1.8.0_362]
        at org.mybatis.spring.SqlSessionTemplate$SqlSessionInterceptor.invoke(SqlSessionTemplate.java:433) ~[mybatis-spring-2.0.1.jar!/:2.0.1]
        ... 28 more
2024-03-08 10:20:51.259 [] [MQTT Call: MQTT_CLIENT_PROD_shutdownRecord2] ERROR com.cosmo.hmzy.mqtt.factory.impl.StandardDataMqttHandler - 未查询到设备基础信息
2024-03-08 10:20:51.350 [d5cd175650874209b534cdcf9d65f728] [DubboServerHandler-10.244.3.8:20993-thread-166] ERROR com.cosmo.hmzy.service.EquipmentIoTApiImpl - 接收设备物联数据:设备IP10.130.38.157不存在！
---
        at java.util.concurrent.ThreadPoolExecutor$Worker.run(ThreadPoolExecutor.java:624) [?:1.8.0_392]
        at java.lang.Thread.run(Thread.java:750) [?:1.8.0_392]
Exception in thread "pool-9711-thread-1" org.springframework.dao.DataIntegrityViolationException: 
### Error updating database.  Cause: com.mysql.jdbc.MysqlDataTruncation: Data truncation: Data too long for column 'LOG_OPERATE_PARAMS' at row 1
### The error may involve com.haier.cosmosom.persistence.system.dao.ISystemLogDAO.insert-Inline
### The error occurred while setting parameters
### SQL: INSERT INTO     system_log_2024_03    (   ID ,   LOG_TYPE ,   LOG_TITLE ,   LOG_REMOTE_ADDR ,   LOG_USER_AGENT ,   LOG_REQUEST_URI ,   LOG_OPERATE_METHOD_NAME ,   LOG_OPERATE_METHOD ,   LOG_OPERATE_PARAMS ,   LOG_OPERATE_EXCEPTION ,   PROJECT_CODE ,   RESOURCE_ID ,   DATA_SCOPE ,   CREATE_BY_NAME ,   CREATE_BY ,   CREATE_DATE ,   REMARKS ,   BAK1 ,   BAK2 ,   BAK3   ) VALUES (   ?  ,   ?  ,   ?  ,   ?  ,   ?  ,   ?  ,   ?  ,   ?  ,   ?  ,   ?  ,   ?  ,   ?  ,   ?  ,   ?  ,   ?  ,   ?  ,   ?  ,   ?  ,   ?  ,   ?   )
### Cause: com.mysql.jdbc.MysqlDataTruncation: Data truncation: Data too long for column 'LOG_OPERATE_PARAMS' at row 1
; SQL []; Data truncation: Data too long for column 'LOG_OPERATE_PARAMS' at row 1; nested exception is com.mysql.jdbc.MysqlDataTruncation: Data truncation: Data too long for column 'LOG_OPERATE_PARAMS' at row 1
        at org.springframework.jdbc.support.SQLStateSQLExceptionTranslator.doTranslate(SQLStateSQLExceptionTranslator.java:102)
        at org.springframework.jdbc.support.AbstractFallbackSQLExceptionTranslator.translate(AbstractFallbackSQLExceptionTranslator.java:73)
        at org.springframework.jdbc.support.AbstractFallbackSQLExceptionTranslator.translate(AbstractFallbackSQLExceptionTranslator.java:81)
        at org.springframework.jdbc.support.AbstractFallbackSQLExceptionTranslator.translate(AbstractFallbackSQLExceptionTranslator.java:81)
        at org.mybatis.spring.MyBatisExceptionTranslator.translateExceptionIfPossible(MyBatisExceptionTranslator.java:75)
        at org.mybatis.spring.SqlSessionTemplate$SqlSessionInterceptor.invoke(SqlSessionTemplate.java:447)
        at com.sun.proxy.$Proxy112.insert(Unknown Source)
        at org.mybatis.spring.SqlSessionTemplate.insert(SqlSessionTemplate.java:279)
        at org.apache.ibatis.binding.MapperMethod.execute(MapperMethod.java:57)
        at org.apache.ibatis.binding.MapperProxy.invoke(MapperProxy.java:53)
        at com.sun.proxy.$Proxy128.insert(Unknown Source)
        at net.siufung.boot.mybatis.support.ServiceImpl.insert(ServiceImpl.java:39)
        at net.siufung.boot.mybatis.support.ServiceImpl$$FastClassBySpringCGLIB$$4f8a5337.invoke(<generated>)
        at org.springframework.cglib.proxy.MethodProxy.invoke(MethodProxy.java:204)
        at org.springframework.aop.framework.CglibAopProxy$CglibMethodInvocation.invokeJoinpoint(CglibAopProxy.java:721)
        at org.springframework.aop.framework.ReflectiveMethodInvocation.proceed(ReflectiveMethodInvocation.java:157)
        at org.springframework.transaction.interceptor.TransactionInterceptor$1.proceedWithInvocation(TransactionInterceptor.java:99)
        at org.springframework.transaction.interceptor.TransactionAspectSupport.invokeWithinTransaction(TransactionAspectSupport.java:282)
        at org.springframework.transaction.interceptor.TransactionInterceptor.invoke(TransactionInterceptor.java:96)
        at org.springframework.aop.framework.ReflectiveMethodInvocation.proceed(ReflectiveMethodInvocation.java:179)
        at org.springframework.aop.framework.CglibAopProxy$DynamicAdvisedInterceptor.intercept(CglibAopProxy.java:656)
        at com.haier.cosmosom.persistence.system.service.SystemLogService$$EnhancerBySpringCGLIB$$c5183cb.insert(<generated>)
        at com.haier.cosmosom.leaflog.aspect.LeafLogAspect.lambda$handlerLeafLog$0(LeafLogAspect.java:258)
        at java.util.concurrent.ThreadPoolExecutor.runWorker(ThreadPoolExecutor.java:1149)
        at java.util.concurrent.ThreadPoolExecutor$Worker.run(ThreadPoolExecutor.java:624)
        at java.lang.Thread.run(Thread.java:750)
Caused by: com.mysql.jdbc.MysqlDataTruncation: Data truncation: Data too long for column 'LOG_OPERATE_PARAMS' at row 1
        at com.mysql.jdbc.MysqlIO.checkErrorPacket(MysqlIO.java:3971)
        at com.mysql.jdbc.MysqlIO.checkErrorPacket(MysqlIO.java:3909)
        at com.mysql.jdbc.MysqlIO.sendCommand(MysqlIO.java:2527)
        at com.mysql.jdbc.MysqlIO.sqlQueryDirect(MysqlIO.java:2680)
        at com.mysql.jdbc.ConnectionImpl.execSQL(ConnectionImpl.java:2494)
        at com.mysql.jdbc.PreparedStatement.executeInternal(PreparedStatement.java:1858)
        at com.mysql.jdbc.PreparedStatement.execute(PreparedStatement.java:1197)
        at com.alibaba.druid.filter.FilterChainImpl.preparedStatement_execute(FilterChainImpl.java:2931)
        at com.alibaba.druid.filter.FilterEventAdapter.preparedStatement_execute(FilterEventAdapter.java:440)
        at com.alibaba.druid.filter.FilterChainImpl.preparedStatement_execute(FilterChainImpl.java:2929)
        at com.alibaba.druid.filter.FilterEventAdapter.preparedStatement_execute(FilterEventAdapter.java:440)
        at com.alibaba.druid.filter.FilterChainImpl.preparedStatement_execute(FilterChainImpl.java:2929)
        at com.alibaba.druid.proxy.jdbc.PreparedStatementProxyImpl.execute(PreparedStatementProxyImpl.java:131)
        at com.alibaba.druid.pool.DruidPooledPreparedStatement.execute(DruidPooledPreparedStatement.java:493)
        at org.apache.ibatis.executor.statement.PreparedStatementHandler.update(PreparedStatementHandler.java:46)
        at org.apache.ibatis.executor.statement.RoutingStatementHandler.update(RoutingStatementHandler.java:74)
        at sun.reflect.GeneratedMethodAccessor385.invoke(Unknown Source)
        at sun.reflect.DelegatingMethodAccessorImpl.invoke(DelegatingMethodAccessorImpl.java:43)
        at java.lang.reflect.Method.invoke(Method.java:498)
        at org.apache.ibatis.plugin.Plugin.invoke(Plugin.java:63)
        at com.sun.proxy.$Proxy416.update(Unknown Source)
        at sun.reflect.GeneratedMethodAccessor385.invoke(Unknown Source)
        at sun.reflect.DelegatingMethodAccessorImpl.invoke(DelegatingMethodAccessorImpl.java:43)
        at java.lang.reflect.Method.invoke(Method.java:498)
        at org.apache.ibatis.plugin.Plugin.invoke(Plugin.java:63)
        at com.sun.proxy.$Proxy416.update(Unknown Source)
        at org.apache.ibatis.executor.SimpleExecutor.doUpdate(SimpleExecutor.java:50)
        at org.apache.ibatis.executor.BaseExecutor.update(BaseExecutor.java:117)
        at org.apache.ibatis.executor.CachingExecutor.update(CachingExecutor.java:76)
        at org.apache.ibatis.session.defaults.DefaultSqlSession.update(DefaultSqlSession.java:198)
        at org.apache.ibatis.session.defaults.DefaultSqlSession.insert(DefaultSqlSession.java:185)
        at sun.reflect.GeneratedMethodAccessor447.invoke(Unknown Source)
        at sun.reflect.DelegatingMethodAccessorImpl.invoke(DelegatingMethodAccessorImpl.java:43)
        at java.lang.reflect.Method.invoke(Method.java:498)
        at org.mybatis.spring.SqlSessionTemplate$SqlSessionInterceptor.invoke(SqlSessionTemplate.java:434)
        ... 20 more
io.jsonwebtoken.MalformedJwtException: JWT strings must contain exactly 2 period characters. Found: 0
        at io.jsonwebtoken.impl.DefaultJwtParser.parse(DefaultJwtParser.java:235)
        at io.jsonwebtoken.impl.DefaultJwtParser.parse(DefaultJwtParser.java:481)
---
2024-03-08 10:41:12.637 |-DEBUG [org.springframework.amqp.rabbit.RabbitListenerEndpointContainer#1-9] com.cosmoplat.hermes.user.dao.SysLogMapper.create [143] -| <==    Updates: 1
2024-03-08 10:41:12.637 |-DEBUG [org.springframework.amqp.rabbit.RabbitListenerEndpointContainer#1-9] org.mybatis.spring.SqlSessionUtils [49] -| Closing non transactional SqlSession [org.apache.ibatis.session.defaults.DefaultSqlSession@6fa2e09d]
2024-03-08 10:41:12.629 |-ERROR [org.springframework.amqp.rabbit.RabbitListenerEndpointContainer#1-8] com.cosmoplat.hermes.user.services.SysLogServiceImpl [56] -| 创建业务系统日志异常,cause:{}
org.springframework.dao.DataIntegrityViolationException: 
### Error updating database.  Cause: com.mysql.cj.jdbc.exceptions.MysqlDataTruncation: Data truncation: Data too long for column 'response_params' at row 1
### The error may exist in URL [jar:file:/hermes-user-svc.jar!/BOOT-INF/lib/hermes-user-1.0-SNAPSHOT.jar!/mapper/SysLogMapper.xml]
### The error may involve com.cosmoplat.hermes.user.dao.SysLogMapper.create-Inline
### The error occurred while setting parameters
### SQL: insert into         hermes_sys_log_202403         (          app_key, app_name, module, api_name, api_url, class_name, method_name, request_params, response_params, is_success, remark, create_date      )         values (          ?, ?, ?, ?, ?, ?, ?,         ?, ?, ?, ?, now()      )
### Cause: com.mysql.cj.jdbc.exceptions.MysqlDataTruncation: Data truncation: Data too long for column 'response_params' at row 1
; Data truncation: Data too long for column 'response_params' at row 1; nested exception is com.mysql.cj.jdbc.exceptions.MysqlDataTruncation: Data truncation: Data too long for column 'response_params' at row 1
        at org.springframework.jdbc.support.SQLStateSQLExceptionTranslator.doTranslate(SQLStateSQLExceptionTranslator.java:104) ~[spring-jdbc-5.3.2.jar!/:5.3.2]
        at org.springframework.jdbc.support.AbstractFallbackSQLExceptionTranslator.translate(AbstractFallbackSQLExceptionTranslator.java:70) ~[spring-jdbc-5.3.2.jar!/:5.3.2]
        at org.springframework.jdbc.support.AbstractFallbackSQLExceptionTranslator.translate(AbstractFallbackSQLExceptionTranslator.java:79) ~[spring-jdbc-5.3.2.jar!/:5.3.2]
        at org.springframework.jdbc.support.AbstractFallbackSQLExceptionTranslator.translate(AbstractFallbackSQLExceptionTranslator.java:79) ~[spring-jdbc-5.3.2.jar!/:5.3.2]
        at org.mybatis.spring.MyBatisExceptionTranslator.translateExceptionIfPossible(MyBatisExceptionTranslator.java:88) ~[mybatis-spring-2.0.3.jar!/:2.0.3]
        at org.mybatis.spring.SqlSessionTemplate$SqlSessionInterceptor.invoke(SqlSessionTemplate.java:440) ~[mybatis-spring-2.0.3.jar!/:2.0.3]
        at com.sun.proxy.$Proxy98.insert(Unknown Source) ~[?:?]
        at org.mybatis.spring.SqlSessionTemplate.insert(SqlSessionTemplate.java:271) ~[mybatis-spring-2.0.3.jar!/:2.0.3]
        at org.apache.ibatis.binding.MapperMethod.execute(MapperMethod.java:62) ~[mybatis-3.5.3.jar!/:3.5.3]
        at org.apache.ibatis.binding.MapperProxy.invoke(MapperProxy.java:93) ~[mybatis-3.5.3.jar!/:3.5.3]
        at com.sun.proxy.$Proxy220.create(Unknown Source) ~[?:?]
        at com.cosmoplat.hermes.user.services.SysLogServiceImpl.create(SysLogServiceImpl.java:50) ~[classes!/:1.0-SNAPSHOT]
        at com.cosmoplat.hermes.user.services.SysLogServiceImpl$$FastClassBySpringCGLIB$$ee3e7f2c.invoke(<generated>) ~[classes!/:1.0-SNAPSHOT]
        at org.springframework.cglib.proxy.MethodProxy.invoke(MethodProxy.java:218) ~[spring-core-5.3.2.jar!/:5.3.2]
        at org.springframework.aop.framework.CglibAopProxy$CglibMethodInvocation.invokeJoinpoint(CglibAopProxy.java:771) ~[spring-aop-5.3.2.jar!/:5.3.2]
        at org.springframework.aop.framework.ReflectiveMethodInvocation.proceed(ReflectiveMethodInvocation.java:163) ~[spring-aop-5.3.2.jar!/:5.3.2]
        at org.springframework.aop.framework.CglibAopProxy$CglibMethodInvocation.proceed(CglibAopProxy.java:749) ~[spring-aop-5.3.2.jar!/:5.3.2]
        at org.springframework.aop.framework.adapter.MethodBeforeAdviceInterceptor.invoke(MethodBeforeAdviceInterceptor.java:58) ~[spring-aop-5.3.2.jar!/:5.3.2]
        at org.springframework.aop.framework.ReflectiveMethodInvocation.proceed(ReflectiveMethodInvocation.java:186) ~[spring-aop-5.3.2.jar!/:5.3.2]
        at org.springframework.aop.framework.CglibAopProxy$CglibMethodInvocation.proceed(CglibAopProxy.java:749) ~[spring-aop-5.3.2.jar!/:5.3.2]
        at org.springframework.aop.interceptor.ExposeInvocationInterceptor.invoke(ExposeInvocationInterceptor.java:97) ~[spring-aop-5.3.2.jar!/:5.3.2]
        at org.springframework.aop.framework.ReflectiveMethodInvocation.proceed(ReflectiveMethodInvocation.java:186) ~[spring-aop-5.3.2.jar!/:5.3.2]
        at org.springframework.aop.framework.CglibAopProxy$CglibMethodInvocation.proceed(CglibAopProxy.java:749) ~[spring-aop-5.3.2.jar!/:5.3.2]
        at org.springframework.aop.framework.CglibAopProxy$DynamicAdvisedInterceptor.intercept(CglibAopProxy.java:691) ~[spring-aop-5.3.2.jar!/:5.3.2]
        at com.cosmoplat.hermes.user.services.SysLogServiceImpl$$EnhancerBySpringCGLIB$$6ab12e63.create(<generated>) ~[classes!/:1.0-SNAPSHOT]
        at com.cosmoplat.hermes.user.rabbitmq.SysLogConsumer.sysProcess(SysLogConsumer.java:31) ~[classes!/:1.0-SNAPSHOT]
        at sun.reflect.GeneratedMethodAccessor300.invoke(Unknown Source) ~[?:?]
        at sun.reflect.DelegatingMethodAccessorImpl.invoke(DelegatingMethodAccessorImpl.java:43) ~[?:1.8.0_392]
        at java.lang.reflect.Method.invoke(Method.java:498) ~[?:1.8.0_392]
        at org.springframework.messaging.handler.invocation.InvocableHandlerMethod.doInvoke(InvocableHandlerMethod.java:171) ~[spring-messaging-5.3.2.jar!/:5.3.2]
        at org.springframework.messaging.handler.invocation.InvocableHandlerMethod.invoke(InvocableHandlerMethod.java:120) ~[spring-messaging-5.3.2.jar!/:5.3.2]
        at org.springframework.amqp.rabbit.listener.adapter.HandlerAdapter.invoke(HandlerAdapter.java:53) ~[spring-rabbit-2.3.2.jar!/:2.3.2]
        at org.springframework.amqp.rabbit.listener.adapter.MessagingMessageListenerAdapter.invokeHandler(MessagingMessageListenerAdapter.java:221) ~[spring-rabbit-2.3.2.jar!/:2.3.2]
        at org.springframework.amqp.rabbit.listener.adapter.MessagingMessageListenerAdapter.invokeHandlerAndProcessResult(MessagingMessageListenerAdapter.java:149) ~[spring-rabbit-2.3.2.jar!/:2.3.2]
        at org.springframework.amqp.rabbit.listener.adapter.MessagingMessageListenerAdapter.onMessage(MessagingMessageListenerAdapter.java:134) ~[spring-rabbit-2.3.2.jar!/:2.3.2]
        at org.springframework.amqp.rabbit.listener.AbstractMessageListenerContainer.doInvokeListener(AbstractMessageListenerContainer.java:1632) ~[spring-rabbit-2.3.2.jar!/:2.3.2]
        at org.springframework.amqp.rabbit.listener.AbstractMessageListenerContainer.actualInvokeListener(AbstractMessageListenerContainer.java:1551) ~[spring-rabbit-2.3.2.jar!/:2.3.2]
        at sun.reflect.GeneratedMethodAccessor299.invoke(Unknown Source) ~[?:?]
        at sun.reflect.DelegatingMethodAccessorImpl.invoke(DelegatingMethodAccessorImpl.java:43) ~[?:1.8.0_392]
        at java.lang.reflect.Method.invoke(Method.java:498) ~[?:1.8.0_392]
        at org.springframework.aop.support.AopUtils.invokeJoinpointUsingReflection(AopUtils.java:344) [spring-aop-5.3.2.jar!/:5.3.2]
        at org.springframework.aop.framework.ReflectiveMethodInvocation.invokeJoinpoint(ReflectiveMethodInvocation.java:198) [spring-aop-5.3.2.jar!/:5.3.2]
        at org.springframework.aop.framework.ReflectiveMethodInvocation.proceed(ReflectiveMethodInvocation.java:163) [spring-aop-5.3.2.jar!/:5.3.2]
        at org.springframework.retry.interceptor.RetryOperationsInterceptor$1.doWithRetry(RetryOperationsInterceptor.java:93) [spring-retry-1.3.0.jar!/:?]
        at org.springframework.retry.support.RetryTemplate.doExecute(RetryTemplate.java:329) [spring-retry-1.3.0.jar!/:?]
        at org.springframework.retry.support.RetryTemplate.execute(RetryTemplate.java:225) [spring-retry-1.3.0.jar!/:?]
        at org.springframework.retry.interceptor.RetryOperationsInterceptor.invoke(RetryOperationsInterceptor.java:116) [spring-retry-1.3.0.jar!/:?]
        at org.springframework.aop.framework.ReflectiveMethodInvocation.proceed(ReflectiveMethodInvocation.java:186) [spring-aop-5.3.2.jar!/:5.3.2]
        at org.springframework.aop.framework.JdkDynamicAopProxy.invoke(JdkDynamicAopProxy.java:215) [spring-aop-5.3.2.jar!/:5.3.2]
        at org.springframework.amqp.rabbit.listener.$Proxy253.invokeListener(Unknown Source) [?:2.3.2]
        at org.springframework.amqp.rabbit.listener.AbstractMessageListenerContainer.invokeListener(AbstractMessageListenerContainer.java:1539) [spring-rabbit-2.3.2.jar!/:2.3.2]
        at org.springframework.amqp.rabbit.listener.AbstractMessageListenerContainer.doExecuteListener(AbstractMessageListenerContainer.java:1530) [spring-rabbit-2.3.2.jar!/:2.3.2]
        at org.springframework.amqp.rabbit.listener.AbstractMessageListenerContainer.executeListener(AbstractMessageListenerContainer.java:1474) [spring-rabbit-2.3.2.jar!/:2.3.2]
        at org.springframework.amqp.rabbit.listener.SimpleMessageListenerContainer.doReceiveAndExecute(SimpleMessageListenerContainer.java:966) [spring-rabbit-2.3.2.jar!/:2.3.2]
        at org.springframework.amqp.rabbit.listener.SimpleMessageListenerContainer.receiveAndExecute(SimpleMessageListenerContainer.java:912) [spring-rabbit-2.3.2.jar!/:2.3.2]
        at org.springframework.amqp.rabbit.listener.SimpleMessageListenerContainer.access$1600(SimpleMessageListenerContainer.java:83) [spring-rabbit-2.3.2.jar!/:2.3.2]
        at org.springframework.amqp.rabbit.listener.SimpleMessageListenerContainer$AsyncMessageProcessingConsumer.mainLoop(SimpleMessageListenerContainer.java:1287) [spring-rabbit-2.3.2.jar!/:2.3.2]
        at org.springframework.amqp.rabbit.listener.SimpleMessageListenerContainer$AsyncMessageProcessingConsumer.run(SimpleMessageListenerContainer.java:1193) [spring-rabbit-2.3.2.jar!/:2.3.2]
        at java.lang.Thread.run(Thread.java:750) [?:1.8.0_392]
Caused by: com.mysql.cj.jdbc.exceptions.MysqlDataTruncation: Data truncation: Data too long for column 'response_params' at row 1
        at com.mysql.cj.jdbc.exceptions.SQLExceptionsMapping.translateException(SQLExceptionsMapping.java:104) ~[mysql-connector-java-8.0.22.jar!/:8.0.22]
        at com.mysql.cj.jdbc.ClientPreparedStatement.executeInternal(ClientPreparedStatement.java:953) ~[mysql-connector-java-8.0.22.jar!/:8.0.22]
        at com.mysql.cj.jdbc.ClientPreparedStatement.execute(ClientPreparedStatement.java:370) ~[mysql-connector-java-8.0.22.jar!/:8.0.22]
        at com.zaxxer.hikari.pool.ProxyPreparedStatement.execute(ProxyPreparedStatement.java:44) ~[HikariCP-3.4.5.jar!/:?]
        at com.zaxxer.hikari.pool.HikariProxyPreparedStatement.execute(HikariProxyPreparedStatement.java) ~[HikariCP-3.4.5.jar!/:?]
        at sun.reflect.GeneratedMethodAccessor292.invoke(Unknown Source) ~[?:?]
        at sun.reflect.DelegatingMethodAccessorImpl.invoke(DelegatingMethodAccessorImpl.java:43) ~[?:1.8.0_392]
        at java.lang.reflect.Method.invoke(Method.java:498) ~[?:1.8.0_392]
        at org.apache.ibatis.logging.jdbc.PreparedStatementLogger.invoke(PreparedStatementLogger.java:59) ~[mybatis-3.5.3.jar!/:3.5.3]
        at com.sun.proxy.$Proxy266.execute(Unknown Source) ~[?:?]
        at org.apache.ibatis.executor.statement.PreparedStatementHandler.update(PreparedStatementHandler.java:47) ~[mybatis-3.5.3.jar!/:3.5.3]
        at org.apache.ibatis.executor.statement.RoutingStatementHandler.update(RoutingStatementHandler.java:74) ~[mybatis-3.5.3.jar!/:3.5.3]
        at org.apache.ibatis.executor.SimpleExecutor.doUpdate(SimpleExecutor.java:50) ~[mybatis-3.5.3.jar!/:3.5.3]
        at org.apache.ibatis.executor.BaseExecutor.update(BaseExecutor.java:117) ~[mybatis-3.5.3.jar!/:3.5.3]
        at org.apache.ibatis.executor.CachingExecutor.update(CachingExecutor.java:76) ~[mybatis-3.5.3.jar!/:3.5.3]
        at sun.reflect.GeneratedMethodAccessor302.invoke(Unknown Source) ~[?:?]
        at sun.reflect.DelegatingMethodAccessorImpl.invoke(DelegatingMethodAccessorImpl.java:43) ~[?:1.8.0_392]
        at java.lang.reflect.Method.invoke(Method.java:498) ~[?:1.8.0_392]
        at org.apache.ibatis.plugin.Plugin.invoke(Plugin.java:63) ~[mybatis-3.5.3.jar!/:3.5.3]
        at com.sun.proxy.$Proxy264.update(Unknown Source) ~[?:?]
        at org.apache.ibatis.session.defaults.DefaultSqlSession.update(DefaultSqlSession.java:197) ~[mybatis-3.5.3.jar!/:3.5.3]
        at org.apache.ibatis.session.defaults.DefaultSqlSession.insert(DefaultSqlSession.java:184) ~[mybatis-3.5.3.jar!/:3.5.3]
        at sun.reflect.GeneratedMethodAccessor301.invoke(Unknown Source) ~[?:?]
        at sun.reflect.DelegatingMethodAccessorImpl.invoke(DelegatingMethodAccessorImpl.java:43) ~[?:1.8.0_392]
        at java.lang.reflect.Method.invoke(Method.java:498) ~[?:1.8.0_392]
        at org.mybatis.spring.SqlSessionTemplate$SqlSessionInterceptor.invoke(SqlSessionTemplate.java:426) ~[mybatis-spring-2.0.3.jar!/:2.0.3]
        ... 53 more
2024-03-08 10:41:12.666 |-INFO  [DubboServerHandler-10.244.104.158:20891-thread-199] com.cosmoplat.hermes.common.config.DynamicDataSourceAspect [52] -| 当前的数据源是 SLAVE 
2024-03-08 10:41:12.666 |-DEBUG [DubboServerHandler-10.244.104.158:20891-thread-199] org.mybatis.spring.SqlSessionUtils [49] -| Creating a new SqlSession